This is pdfTeX, Version 3.14159265-2.6-1.40.15 (TeX Live 2014) (preloaded format=pdflatex 2014.5.25)  25 APR 2015 23:43
entering extended mode
 restricted \write18 enabled.
 file:line:error style messages enabled.
 %&-line parsing enabled.
**thesis.tex
(./thesis.tex
LaTeX2e <2014/05/01>
Babel <3.9k> and hyphenation patterns for 78 languages loaded.
(./reedthesis.cls
Document Class: reedthesis 2004/01/27 The Reed College Thesis Class
(/usr/local/texlive/2014/texmf-dist/tex/latex/base/book.cls
Document Class: book 2007/10/19 v1.4h Standard LaTeX document class
(/usr/local/texlive/2014/texmf-dist/tex/latex/base/bk12.clo
File: bk12.clo 2007/10/19 v1.4h Standard LaTeX file (size option)
)
\c@part=\count79
\c@chapter=\count80
\c@section=\count81
\c@subsection=\count82
\c@subsubsection=\count83
\c@paragraph=\count84
\c@subparagraph=\count85
\c@figure=\count86
\c@table=\count87
\abovecaptionskip=\skip41
\belowcaptionskip=\skip42
\bibindent=\dimen102
)
(/usr/local/texlive/2014/texmf-dist/tex/latex/fancyhdr/fancyhdr.sty
\fancy@headwidth=\skip43
\f@ncyO@elh=\skip44
\f@ncyO@erh=\skip45
\f@ncyO@olh=\skip46
\f@ncyO@orh=\skip47
\f@ncyO@elf=\skip48
\f@ncyO@erf=\skip49
\f@ncyO@olf=\skip50
\f@ncyO@orf=\skip51
))
(/usr/local/texlive/2014/texmf-dist/tex/latex/graphics/graphicx.sty
Package: graphicx 2014/04/25 v1.0g Enhanced LaTeX Graphics (DPC,SPQR)

(/usr/local/texlive/2014/texmf-dist/tex/latex/graphics/keyval.sty
Package: keyval 2014/05/08 v1.15 key=value parser (DPC)
\KV@toks@=\toks14
)
(/usr/local/texlive/2014/texmf-dist/tex/latex/graphics/graphics.sty
Package: graphics 2009/02/05 v1.0o Standard LaTeX Graphics (DPC,SPQR)

(/usr/local/texlive/2014/texmf-dist/tex/latex/graphics/trig.sty
Package: trig 1999/03/16 v1.09 sin cos tan (DPC)
)
(/usr/local/texlive/2014/texmf-dist/tex/latex/latexconfig/graphics.cfg
File: graphics.cfg 2010/04/23 v1.9 graphics configuration of TeX Live
)
Package graphics Info: Driver file: pdftex.def on input line 91.

(/usr/local/texlive/2014/texmf-dist/tex/latex/pdftex-def/pdftex.def
File: pdftex.def 2011/05/27 v0.06d Graphics/color for pdfTeX

(/usr/local/texlive/2014/texmf-dist/tex/generic/oberdiek/infwarerr.sty
Package: infwarerr 2010/04/08 v1.3 Providing info/warning/error messages (HO)
)
(/usr/local/texlive/2014/texmf-dist/tex/generic/oberdiek/ltxcmds.sty
Package: ltxcmds 2011/11/09 v1.22 LaTeX kernel commands for general use (HO)
)
\Gread@gobject=\count88
))
\Gin@req@height=\dimen103
\Gin@req@width=\dimen104
)
(/usr/local/texlive/2014/texmf-dist/tex/latex/base/latexsym.sty
Package: latexsym 1998/08/17 v2.2e Standard LaTeX package (lasy symbols)
\symlasy=\mathgroup4
LaTeX Font Info:    Overwriting symbol font `lasy' in version `bold'
(Font)                  U/lasy/m/n --> U/lasy/b/n on input line 47.
)
(/usr/local/texlive/2014/texmf-dist/tex/latex/amsfonts/amssymb.sty
Package: amssymb 2013/01/14 v3.01 AMS font symbols

(/usr/local/texlive/2014/texmf-dist/tex/latex/amsfonts/amsfonts.sty
Package: amsfonts 2013/01/14 v3.01 Basic AMSFonts support
\@emptytoks=\toks15
\symAMSa=\mathgroup5
\symAMSb=\mathgroup6
LaTeX Font Info:    Overwriting math alphabet `\mathfrak' in version `bold'
(Font)                  U/euf/m/n --> U/euf/b/n on input line 106.
))
(/usr/local/texlive/2014/texmf-dist/tex/latex/amscls/amsthm.sty
Package: amsthm 2004/08/06 v2.20
\thm@style=\toks16
\thm@bodyfont=\toks17
\thm@headfont=\toks18
\thm@notefont=\toks19
\thm@headpunct=\toks20
\thm@preskip=\skip52
\thm@postskip=\skip53
\thm@headsep=\skip54
\dth@everypar=\toks21
)
(/usr/local/texlive/2014/texmf-dist/tex/latex/amsmath/amsmath.sty
Package: amsmath 2013/01/14 v2.14 AMS math features
\@mathmargin=\skip55

For additional information on amsmath, use the `?' option.
(/usr/local/texlive/2014/texmf-dist/tex/latex/amsmath/amstext.sty
Package: amstext 2000/06/29 v2.01

(/usr/local/texlive/2014/texmf-dist/tex/latex/amsmath/amsgen.sty
File: amsgen.sty 1999/11/30 v2.0
\@emptytoks=\toks22
\ex@=\dimen105
))
(/usr/local/texlive/2014/texmf-dist/tex/latex/amsmath/amsbsy.sty
Package: amsbsy 1999/11/29 v1.2d
\pmbraise@=\dimen106
)
(/usr/local/texlive/2014/texmf-dist/tex/latex/amsmath/amsopn.sty
Package: amsopn 1999/12/14 v2.01 operator names
)
\inf@bad=\count89
LaTeX Info: Redefining \frac on input line 210.
\uproot@=\count90
\leftroot@=\count91
LaTeX Info: Redefining \overline on input line 306.
\classnum@=\count92
\DOTSCASE@=\count93
LaTeX Info: Redefining \ldots on input line 378.
LaTeX Info: Redefining \dots on input line 381.
LaTeX Info: Redefining \cdots on input line 466.
\Mathstrutbox@=\box26
\strutbox@=\box27
\big@size=\dimen107
LaTeX Font Info:    Redeclaring font encoding OML on input line 566.
LaTeX Font Info:    Redeclaring font encoding OMS on input line 567.
\macc@depth=\count94
\c@MaxMatrixCols=\count95
\dotsspace@=\muskip10
\c@parentequation=\count96
\dspbrk@lvl=\count97
\tag@help=\toks23
\row@=\count98
\column@=\count99
\maxfields@=\count100
\andhelp@=\toks24
\eqnshift@=\dimen108
\alignsep@=\dimen109
\tagshift@=\dimen110
\tagwidth@=\dimen111
\totwidth@=\dimen112
\lineht@=\dimen113
\@envbody=\toks25
\multlinegap=\skip56
\multlinetaggap=\skip57
\mathdisplay@stack=\toks26
LaTeX Info: Redefining \[ on input line 2665.
LaTeX Info: Redefining \] on input line 2666.
)
(/usr/local/texlive/2014/texmf-dist/tex/latex/tools/longtable.sty
Package: longtable 2004/02/01 v4.11 Multi-page Table package (DPC)
\LTleft=\skip58
\LTright=\skip59
\LTpre=\skip60
\LTpost=\skip61
\LTchunksize=\count101
\LTcapwidth=\dimen114
\LT@head=\box28
\LT@firsthead=\box29
\LT@foot=\box30
\LT@lastfoot=\box31
\LT@cols=\count102
\LT@rows=\count103
\c@LT@tables=\count104
\c@LT@chunks=\count105
\LT@p@ftn=\toks27
)
(/usr/local/texlive/2014/texmf-dist/tex/latex/booktabs/booktabs.sty
Package: booktabs 2005/04/14 v1.61803 publication quality tables
\heavyrulewidth=\dimen115
\lightrulewidth=\dimen116
\cmidrulewidth=\dimen117
\belowrulesep=\dimen118
\belowbottomsep=\dimen119
\aboverulesep=\dimen120
\abovetopsep=\dimen121
\cmidrulesep=\dimen122
\cmidrulekern=\dimen123
\defaultaddspace=\dimen124
\@cmidla=\count106
\@cmidlb=\count107
\@aboverulesep=\dimen125
\@belowrulesep=\dimen126
\@thisruleclass=\count108
\@lastruleclass=\count109
\@thisrulewidth=\dimen127
)
(/usr/local/texlive/2014/texmf-dist/tex/latex/setspace/setspace.sty
Package: setspace 2011/12/19 v6.7a set line spacing
)
(./chemarr.sty
Package: chemarr 2001/06/22 v1.1 Chemical reaction arrows (HO)
) (/usr/local/texlive/2014/texmf-dist/tex/latex/url/url.sty
\Urlmuskip=\muskip11
Package: url 2013/09/16  ver 3.4  Verb mode for urls, etc.
)
(/usr/local/texlive/2014/texmf-dist/tex/latex/caption/subcaption.sty
Package: subcaption 2013/02/03 v1.1-62 Sub-captions (AR)

(/usr/local/texlive/2014/texmf-dist/tex/latex/caption/caption.sty
Package: caption 2013/05/02 v3.3-89 Customizing captions (AR)

(/usr/local/texlive/2014/texmf-dist/tex/latex/caption/caption3.sty
Package: caption3 2013/05/02 v1.6-88 caption3 kernel (AR)
Package caption3 Info: TeX engine: e-TeX on input line 57.
\captionmargin=\dimen128
\captionmargin@=\dimen129
\captionwidth=\dimen130
\caption@tempdima=\dimen131
\caption@indent=\dimen132
\caption@parindent=\dimen133
\caption@hangindent=\dimen134
)
\c@ContinuedFloat=\count110
Package caption Info: longtable package is loaded.

(/usr/local/texlive/2014/texmf-dist/tex/latex/caption/ltcaption.sty
Package: ltcaption 2013/02/03 v1.3-62 longtable captions (AR)
))
\c@subfigure=\count111
\c@subtable=\count112
)
(/usr/local/texlive/2014/texmf-dist/tex/latex/rotating/rotating.sty
Package: rotating 2009/03/28 v2.16a rotated objects in LaTeX

(/usr/local/texlive/2014/texmf-dist/tex/latex/base/ifthen.sty
Package: ifthen 2001/05/26 v1.1c Standard LaTeX ifthen package (DPC)
)
\c@r@tfl@t=\count113
\rotFPtop=\skip62
\rotFPbot=\skip63
\rot@float@box=\box32
\rot@mess@toks=\toks28
)
(/usr/local/texlive/2014/texmf-dist/tex/latex/multirow/multirow.sty
\bigstrutjot=\dimen135
)
(/usr/local/texlive/2014/texmf-dist/tex/latex/graphics/color.sty
Package: color 2014/04/23 v1.1a Standard LaTeX Color (DPC)

(/usr/local/texlive/2014/texmf-dist/tex/latex/latexconfig/color.cfg
File: color.cfg 2007/01/18 v1.5 color configuration of teTeX/TeXLive
)
Package color Info: Driver file: pdftex.def on input line 137.
)
(/usr/local/texlive/2014/texmf-dist/tex/latex/adjustbox/adjustbox.sty
Package: adjustbox 2012/05/21 v1.0 Adjusting TeX boxes (trim, clip, ...)

(/usr/local/texlive/2014/texmf-dist/tex/latex/xkeyval/xkeyval.sty
Package: xkeyval 2014/05/09 v2.6d package option processing (HA)

(/usr/local/texlive/2014/texmf-dist/tex/generic/xkeyval/xkeyval.tex
\XKV@toks=\toks29
\XKV@tempa@toks=\toks30
\XKV@depth=\count114
File: xkeyval.tex 2014/05/09 v2.6d key=value parser (HA)
))
(/usr/local/texlive/2014/texmf-dist/tex/latex/adjustbox/adjcalc.sty
Package: adjcalc 2012/05/16 v1.1 Provides advanced setlength with multiple back
-ends (calc, etex, pgfmath)
)
(/usr/local/texlive/2014/texmf-dist/tex/latex/adjustbox/trimclip.sty
Package: trimclip 2012/05/16 v1.0 Trim and clip general TeX material

(/usr/local/texlive/2014/texmf-dist/tex/latex/collectbox/collectbox.sty
Package: collectbox 2012/05/17 v0.4b Collect macro arguments as boxes
\collectedbox=\box33
)
\tc@llx=\dimen136
\tc@lly=\dimen137
\tc@urx=\dimen138
\tc@ury=\dimen139
Package trimclip Info: Using driver 'tc-pdftex.def'.

(/usr/local/texlive/2014/texmf-dist/tex/latex/adjustbox/tc-pdftex.def
File: tc-pdftex.def 2012/05/13 v1.0 Clipping driver for pdftex
))
\adjbox@Width=\dimen140
\adjbox@Height=\dimen141
\adjbox@Depth=\dimen142
\adjbox@Totalheight=\dimen143

(/usr/local/texlive/2014/texmf-dist/tex/latex/ifoddpage/ifoddpage.sty
Package: ifoddpage 2011/09/13 v1.0 Conditionals for odd/even page detection
\c@checkoddpage=\count115
)
(/usr/local/texlive/2014/texmf-dist/tex/latex/varwidth/varwidth.sty
Package: varwidth 2009/03/30 ver 0.92;  Variable-width minipages
\@vwid@box=\box34
\sift@deathcycles=\count116
\@vwid@loff=\dimen144
\@vwid@roff=\dimen145
))
(./defthesis.tex)
(/Users/Miguel/Desktop/Miguel-s-Thesis---Bouncing-Drop/Thesis/.texpadtmp/thesis
.aux

LaTeX Warning: Label `bounce' multiply defined.

)
\openout1 = `thesis.aux'.

LaTeX Font Info:    Checking defaults for OML/cmm/m/it on input line 67.
LaTeX Font Info:    ... okay on input line 67.
LaTeX Font Info:    Checking defaults for T1/cmr/m/n on input line 67.
LaTeX Font Info:    ... okay on input line 67.
LaTeX Font Info:    Checking defaults for OT1/cmr/m/n on input line 67.
LaTeX Font Info:    ... okay on input line 67.
LaTeX Font Info:    Checking defaults for OMS/cmsy/m/n on input line 67.
LaTeX Font Info:    ... okay on input line 67.
LaTeX Font Info:    Checking defaults for OMX/cmex/m/n on input line 67.
LaTeX Font Info:    ... okay on input line 67.
LaTeX Font Info:    Checking defaults for U/cmr/m/n on input line 67.
LaTeX Font Info:    ... okay on input line 67.
 (/usr/local/texlive/2014/texmf-dist/tex/context/base/supp-pdf.mkii
[Loading MPS to PDF converter (version 2006.09.02).]
\scratchcounter=\count117
\scratchdimen=\dimen146
\scratchbox=\box35
\nofMPsegments=\count118
\nofMParguments=\count119
\everyMPshowfont=\toks31
\MPscratchCnt=\count120
\MPscratchDim=\dimen147
\MPnumerator=\count121
\makeMPintoPDFobject=\count122
\everyMPtoPDFconversion=\toks32
) (/usr/local/texlive/2014/texmf-dist/tex/generic/oberdiek/pdftexcmds.sty
Package: pdftexcmds 2011/11/29 v0.20 Utility functions of pdfTeX for LuaTeX (HO
)

(/usr/local/texlive/2014/texmf-dist/tex/generic/oberdiek/ifluatex.sty
Package: ifluatex 2010/03/01 v1.3 Provides the ifluatex switch (HO)
Package ifluatex Info: LuaTeX not detected.
)
(/usr/local/texlive/2014/texmf-dist/tex/generic/oberdiek/ifpdf.sty
Package: ifpdf 2011/01/30 v2.3 Provides the ifpdf switch (HO)
Package ifpdf Info: pdfTeX in PDF mode is detected.
)
Package pdftexcmds Info: LuaTeX not detected.
Package pdftexcmds Info: \pdf@primitive is available.
Package pdftexcmds Info: \pdf@ifprimitive is available.
Package pdftexcmds Info: \pdfdraftmode found.
)
(/usr/local/texlive/2014/texmf-dist/tex/latex/oberdiek/epstopdf-base.sty
Package: epstopdf-base 2010/02/09 v2.5 Base part for package epstopdf

(/usr/local/texlive/2014/texmf-dist/tex/latex/oberdiek/grfext.sty
Package: grfext 2010/08/19 v1.1 Manage graphics extensions (HO)

(/usr/local/texlive/2014/texmf-dist/tex/generic/oberdiek/kvdefinekeys.sty
Package: kvdefinekeys 2011/04/07 v1.3 Define keys (HO)
))
(/usr/local/texlive/2014/texmf-dist/tex/latex/oberdiek/kvoptions.sty
Package: kvoptions 2011/06/30 v3.11 Key value format for package options (HO)

(/usr/local/texlive/2014/texmf-dist/tex/generic/oberdiek/kvsetkeys.sty
Package: kvsetkeys 2012/04/25 v1.16 Key value parser (HO)

(/usr/local/texlive/2014/texmf-dist/tex/generic/oberdiek/etexcmds.sty
Package: etexcmds 2011/02/16 v1.5 Avoid name clashes with e-TeX commands (HO)
Package etexcmds Info: Could not find \expanded.
(etexcmds)             That can mean that you are not using pdfTeX 1.50 or
(etexcmds)             that some package has redefined \expanded.
(etexcmds)             In the latter case, load this package earlier.
)))
Package grfext Info: Graphics extension search list:
(grfext)             [.png,.pdf,.jpg,.mps,.jpeg,.jbig2,.jb2,.PNG,.PDF,.JPG,.JPE
G,.JBIG2,.JB2,.eps]
(grfext)             \AppendGraphicsExtensions on input line 452.

(/usr/local/texlive/2014/texmf-dist/tex/latex/latexconfig/epstopdf-sys.cfg
File: epstopdf-sys.cfg 2010/07/13 v1.3 Configuration of (r)epstopdf for TeX Liv
e
))
Package caption Info: Begin \AtBeginDocument code.
Package caption Info: rotating package is loaded.
Package caption Info: End \AtBeginDocument code.
LaTeX Font Info:    Try loading font information for U+lasy on input line 69.

(/usr/local/texlive/2014/texmf-dist/tex/latex/base/ulasy.fd
File: ulasy.fd 1998/08/17 v2.2e LaTeX symbol font definitions
)
LaTeX Font Info:    Try loading font information for U+msa on input line 69.

(/usr/local/texlive/2014/texmf-dist/tex/latex/amsfonts/umsa.fd
File: umsa.fd 2013/01/14 v3.01 AMS symbols A
)
LaTeX Font Info:    Try loading font information for U+msb on input line 69.

(/usr/local/texlive/2014/texmf-dist/tex/latex/amsfonts/umsb.fd
File: umsb.fd 2013/01/14 v3.01 AMS symbols B
) [1
Non-PDF special ignored!
Non-PDF special ignored!


{/usr/local/texlive/2014/texmf-var/fonts/map/pdftex/updmap/pdftex.map}] [2

] [3] [4

] (./acknowledgements.tex) [1


] [2

]
(/Users/Miguel/Desktop/Miguel-s-Thesis---Bouncing-Drop/Thesis/.texpadtmp/thesis
.toc [3])
\tf@toc=\write3
\openout3 = `thesis.toc'.

 (./abstract.tex [4]) [5

] [6

] (./Introduction.tex [1

]
<./Figs/BouncingDroplet.pdf, id=43, 1752.5475pt x 305.14pt>
File: ./Figs/BouncingDroplet.pdf Graphic file (type pdf)

<use ./Figs/BouncingDroplet.pdf>
Package pdftex.def Info: ./Figs/BouncingDroplet.pdf used on input line 33.
(pdftex.def)             Requested size: 438.1358pt x 76.2848pt.

Overfull \hbox (4.51581pt too wide) in paragraph at lines 33--34
 [][] 
 []


Package Fancyhdr Warning: \headheight is too small (12.0pt): 
 Make it at least 14.49998pt.
 We now make it that large for the rest of the document.
 This may cause the page layout to be inconsistent, however.

[2 <./Figs/BouncingDroplet.pdf>]
<./Figs/Faraday.JPG, id=66, 5492.52pt x 3661.68pt>
File: ./Figs/Faraday.JPG Graphic file (type jpg)
 <use ./Figs/Faraday.JPG>
Package pdftex.def Info: ./Figs/Faraday.JPG used on input line 47.
(pdftex.def)             Requested size: 329.53699pt x 219.69131pt.


LaTeX Warning: `!h' float specifier changed to `!ht'.

<./Figs/Walking.pdf, id=67, 1557.82pt x 319.1925pt>
File: ./Figs/Walking.pdf Graphic file (type pdf)
 <use ./Figs/Walking.pdf>
Package pdftex.def Info: ./Figs/Walking.pdf used on input line 58.
(pdftex.def)             Requested size: 436.18663pt x 89.37328pt.

Overfull \hbox (2.56664pt too wide) in paragraph at lines 58--59
 [][] 
 []


LaTeX Warning: `!h' float specifier changed to `!ht'.

[3]) (./Chapter1.tex [4 <./Figs/Faraday.JPG> <./Figs/Walking.pdf>]
Chapter 1.
<./Figs/basicsetup.pdf, id=93, 291.0875pt x 132.495pt>
File: ./Figs/basicsetup.pdf Graphic file (type pdf)

<use ./Figs/basicsetup.pdf>
Package pdftex.def Info: ./Figs/basicsetup.pdf used on input line 13.
(pdftex.def)             Requested size: 232.8703pt x 105.99612pt.
 [5

 <./Figs/basicsetup.pdf>]
Underfull \vbox (badness 1178) has occurred while \output is active []

 [6]
<./Figs/vibrationnumber.jpeg, id=115, 3766.07pt x 2188.175pt>
File: ./Figs/vibrationnumber.jpeg Graphic file (type jpg)

<use ./Figs/vibrationnumber.jpeg>
Package pdftex.def Info: ./Figs/vibrationnumber.jpeg used on input line 69.
(pdftex.def)             Requested size: 434.95657pt x 252.71997pt.

Overfull \hbox (1.33658pt too wide) in paragraph at lines 69--70
 [][] 
 []


LaTeX Warning: `h' float specifier changed to `ht'.

[7] <./Figs/ProtiereWalkers.png, id=120, 872.25874pt x 678.535pt>
File: ./Figs/ProtiereWalkers.png Graphic file (type png)

<use ./Figs/ProtiereWalkers.png>
Package pdftex.def Info: ./Figs/ProtiereWalkers.png used on input line 84.
(pdftex.def)             Requested size: 431.76276pt x 335.87068pt.


LaTeX Warning: `h' float specifier changed to `ht'.


Underfull \vbox (badness 10000) has occurred while \output is active []

 [8 <./Figs/vibrationnumber.jpeg>]
<./Figs/BoundedStates.png, id=125, 1189.44376pt x 393.47pt>
File: ./Figs/BoundedStates.png Graphic file (type png)

<use ./Figs/BoundedStates.png>
Package pdftex.def Info: ./Figs/BoundedStates.png used on input line 101.
(pdftex.def)             Requested size: 435.33215pt x 144.0086pt.

Overfull \hbox (1.71216pt too wide) in paragraph at lines 101--104
 [][] 
 []


LaTeX Warning: `h' float specifier changed to `ht'.

[9 <./Figs/ProtiereWalkers.png>]
<./Figs/OrbitingProtiere2006.png, id=131, 1178.4025pt x 584.1825pt>
File: ./Figs/OrbitingProtiere2006.png Graphic file (type png)

<use ./Figs/OrbitingProtiere2006.png>
Package pdftex.def Info: ./Figs/OrbitingProtiere2006.png used on input line 111
.
(pdftex.def)             Requested size: 388.87402pt x 192.7808pt.


LaTeX Warning: `h' float specifier changed to `ht'.

[10 <./Figs/BoundedStates.png>] [11 <./Figs/OrbitingProtiere2006.png>] [12]
<./Figs/Tunneling.pdf, id=143, 862.22125pt x 788.9475pt>
File: ./Figs/Tunneling.pdf Graphic file (type pdf)

<use ./Figs/Tunneling.pdf>
Package pdftex.def Info: ./Figs/Tunneling.pdf used on input line 191.
(pdftex.def)             Requested size: 431.10957pt x 394.47278pt.


LaTeX Warning: `!h' float specifier changed to `!ht'.

[13]
Underfull \vbox (badness 10000) has occurred while \output is active []

 [14 <./Figs/Tunneling.pdf>]

LaTeX Warning: No positions in optional float specifier.
               Default added (so using `tbp') on input line 201.

<./Figs/EddiCombo.pdf, id=161, 1270.7475pt x 480.79625pt>
File: ./Figs/EddiCombo.pdf Graphic file (type pdf)

<use ./Figs/EddiCombo.pdf>
Package pdftex.def Info: ./Figs/EddiCombo.pdf used on input line 202.
(pdftex.def)             Requested size: 433.62pt x 164.06279pt.
) (./tablesandgraphics.tex [15 <./Figs/EddiCombo.pdf>] [16

]
Chapter 2.
<./Figs/Setup.pdf, id=181, 390.45876pt x 257.96375pt>
File: ./Figs/Setup.pdf Graphic file (type pdf)
 <use ./Figs/Setup.pdf>
Package pdftex.def Info: ./Figs/Setup.pdf used on input line 19.
(pdftex.def)             Requested size: 312.36742pt x 206.37126pt.


LaTeX Warning: `!h' float specifier changed to `!ht'.

[17] <./Figs/Tray.pdf, id=185, 1019.81pt x 458.71375pt>
File: ./Figs/Tray.pdf Graphic file (type pdf)
 <use ./Figs/Tray.pdf>
Package pdftex.def Info: ./Figs/Tray.pdf used on input line 32.
(pdftex.def)             Requested size: 489.50323pt x 220.1801pt.

Overfull \hbox (55.88324pt too wide) in paragraph at lines 32--33
 [][] 
 []


LaTeX Warning: `!h' float specifier changed to `!ht'.

[18 <./Figs/Setup.pdf>] <./Figs/group.pdf, id=200, 792.9625pt x 651.43375pt>
File: ./Figs/group.pdf Graphic file (type pdf)

<use ./Figs/group.pdf>
Package pdftex.def Info: ./Figs/group.pdf used on input line 47.
(pdftex.def)             Requested size: 436.13072pt x 358.28966pt.

Overfull \hbox (2.51073pt too wide) in paragraph at lines 47--50
 [][] 
 []


LaTeX Warning: `!h' float specifier changed to `!ht'.

[19 <./Figs/Tray.pdf>]
Underfull \vbox (badness 10000) has occurred while \output is active []

 [20 <./Figs/group.pdf>]
Underfull \vbox (badness 5985) has occurred while \output is active []

 [21]
[22]) (./Chapter3.tex [23] [24

]
Chapter 3.

LaTeX Warning: `h' float specifier changed to `ht'.

<./Figs/Trial2Paths.pdf, id=248, 745.78625pt x 617.30624pt>
File: ./Figs/Trial2Paths.pdf Graphic file (type pdf)

<use ./Figs/Trial2Paths.pdf>
Package pdftex.def Info: ./Figs/Trial2Paths.pdf used on input line 50.
(pdftex.def)             Requested size: 432.55634pt x 358.03787pt.


LaTeX Warning: `!h' float specifier changed to `!ht'.

[25] [26] <./Figs/TunnelingProb.pdf, id=255, 505.89pt x 361.35pt>
File: ./Figs/TunnelingProb.pdf Graphic file (type pdf)

<use ./Figs/TunnelingProb.pdf>
Package pdftex.def Info: ./Figs/TunnelingProb.pdf used on input line 92.
(pdftex.def)             Requested size: 455.29678pt x 325.21199pt.

Overfull \hbox (21.67679pt too wide) in paragraph at lines 92--93
 [][] 
 []


LaTeX Warning: `!h' float specifier changed to `!ht'.

<./Figs/TunnelingVDiagram.pdf, id=256, 645.41125pt x 331.2375pt>
File: ./Figs/TunnelingVDiagram.pdf Graphic file (type pdf)

<use ./Figs/TunnelingVDiagram.pdf>
Package pdftex.def Info: ./Figs/TunnelingVDiagram.pdf used on input line 103.
(pdftex.def)             Requested size: 387.24974pt x 198.74402pt.


LaTeX Warning: `!h' float specifier changed to `!ht'.

[27 <./Figs/Trial2Paths.pdf>]

LaTeX Warning: Text page 28 contains only floats.


Overfull \vbox (2.02599pt too high) has occurred while \output is active []


[28 <./Figs/TunnelingProb.pdf> <./Figs/TunnelingVDiagram.pdf>]
<./Figs/Velocity2.pdf, id=304, 505.89pt x 361.35pt>
File: ./Figs/Velocity2.pdf Graphic file (type pdf)
 <use ./Figs/Velocity2.pdf>
Package pdftex.def Info: ./Figs/Velocity2.pdf used on input line 112.
(pdftex.def)             Requested size: 455.29678pt x 325.21199pt.

Overfull \hbox (21.67679pt too wide) in paragraph at lines 112--113
 [][] 
 []

<./Figs/VP.pdf, id=305, 505.89pt x 361.35pt>
File: ./Figs/VP.pdf Graphic file (type pdf)
 <use ./Figs/VP.pdf>
Package pdftex.def Info: ./Figs/VP.pdf used on input line 122.
(pdftex.def)             Requested size: 455.29678pt x 325.21199pt.

Overfull \hbox (21.67679pt too wide) in paragraph at lines 122--123
 [][] 
 []


LaTeX Warning: `!h' float specifier changed to `!ht'.

[29 <./Figs/Velocity2.pdf>] [30 <./Figs/VP.pdf>] [31] [32]) (./conclusion.tex
[33] [34

]) [35] [36

]
(/Users/Miguel/Desktop/Miguel-s-Thesis---Bouncing-Drop/Thesis/.texpadtmp/thesis
.bbl [37

]) [38]
(/Users/Miguel/Desktop/Miguel-s-Thesis---Bouncing-Drop/Thesis/.texpadtmp/thesis
.aux)

LaTeX Warning: There were multiply-defined labels.

 ) 
Here is how much of TeX's memory you used:
 5145 strings out of 493117
 76807 string characters out of 6135433
 143157 words of memory out of 5000000
 8425 multiletter control sequences out of 15000+600000
 14064 words of font info for 57 fonts, out of 8000000 for 9000
 1141 hyphenation exceptions out of 8191
 42i,12n,75p,1402b,355s stack positions out of 5000i,500n,10000p,200000b,80000s
</usr/local/texlive/2014/texmf-dist/fonts/type1/public/amsfonts/cm/cmbx12.pfb
></usr/local/texlive/2014/texmf-dist/fonts/type1/public/amsfonts/cm/cmex10.pfb>
</usr/local/texlive/2014/texmf-dist/fonts/type1/public/amsfonts/cm/cmmi12.pfb><
/usr/local/texlive/2014/texmf-dist/fonts/type1/public/amsfonts/cm/cmmi8.pfb></u
sr/local/texlive/2014/texmf-dist/fonts/type1/public/amsfonts/cm/cmr10.pfb></usr
/local/texlive/2014/texmf-dist/fonts/type1/public/amsfonts/cm/cmr12.pfb></usr/l
ocal/texlive/2014/texmf-dist/fonts/type1/public/amsfonts/cm/cmr7.pfb></usr/loca
l/texlive/2014/texmf-dist/fonts/type1/public/amsfonts/cm/cmr8.pfb></usr/local/t
exlive/2014/texmf-dist/fonts/type1/public/amsfonts/cm/cmsl12.pfb></usr/local/te
xlive/2014/texmf-dist/fonts/type1/public/amsfonts/cm/cmsy10.pfb></usr/local/tex
live/2014/texmf-dist/fonts/type1/public/amsfonts/cm/cmsy8.pfb></usr/local/texli
ve/2014/texmf-dist/fonts/type1/public/amsfonts/cm/cmti12.pfb>
Output written on /Users/Miguel/Desktop/Miguel-s-Thesis---Bouncing-Drop/Thesis/
.texpadtmp/thesis.pdf (48 pages, 25801568 bytes).
PDF statistics:
 394 PDF objects out of 1000 (max. 8388607)
 269 compressed objects within 3 object streams
 0 named destinations out of 1000 (max. 500000)
 91 words of extra memory for PDF output out of 10000 (max. 10000000)

